<?xml version="1.0" encoding="UTF-8"?>
<!-- Generated by org.testng.reporters.JUnitReportReporter -->
<testsuite skipped="0" hostname="DESKTOP-BQC2J78" name="BrowserTest" tests="1" failures="0" timestamp="2020-03-24T01:59:50 IST" time="21.677" errors="0">
  <testcase name="Run" time="21.677" classname="BrowserTest"/>
  <system-out/>
</testsuite> <!-- BrowserTest -->
