<?xml version="1.0" encoding="UTF-8"?>
<!-- Generated by org.testng.reporters.JUnitReportReporter -->
<testsuite skipped="0" hostname="DESKTOP-BQC2J78" name="Edureka.edureka" tests="1" failures="0" timestamp="2020-03-29T13:22:37 IST" time="9.111" errors="0">
  <testcase name="Automate" time="9.111" classname="Edureka.edureka"/>
  <system-out/>
</testsuite> <!-- Edureka.edureka -->
