<?xml version="1.0" encoding="UTF-8"?>
<!-- Generated by org.testng.reporters.JUnitReportReporter -->
<testsuite skipped="0" hostname="DESKTOP-BQC2J78" name="GetLinks.Excel" tests="1" failures="0" timestamp="2020-03-29T22:34:24 IST" time="10.722" errors="0">
  <testcase name="Excelsheet" time="10.722" classname="GetLinks.Excel"/>
  <system-out/>
</testsuite> <!-- GetLinks.Excel -->
